<?xml version="1.0" encoding="UTF-8"?>
<!-- Generated by org.testng.reporters.JUnitReportReporter -->
<testsuite skipped="0" hostname="cv000175" name="org.cinglevue.tests.SessionFactory" tests="7" failures="0" timestamp="2020-04-15T11:21:39 IST" time="183.326" errors="0">
  <testcase name="executSession" time="29.364" classname="org.cinglevue.tests.SessionFactory"/>
  <system-out/>
  <testcase name="executSession" time="23.115" classname="org.cinglevue.tests.SessionFactory"/>
  <system-out/>
  <testcase name="executSession" time="20.603" classname="org.cinglevue.tests.SessionFactory"/>
  <system-out/>
  <testcase name="executSession" time="24.857" classname="org.cinglevue.tests.SessionFactory"/>
  <system-out/>
  <testcase name="executSession" time="29.589" classname="org.cinglevue.tests.SessionFactory"/>
  <system-out/>
  <testcase name="executSession" time="32.224" classname="org.cinglevue.tests.SessionFactory"/>
  <system-out/>
  <testcase name="executSession" time="23.574" classname="org.cinglevue.tests.SessionFactory"/>
  <system-out/>
</testsuite> <!-- org.cinglevue.tests.SessionFactory -->
