<?xml version="1.0" encoding="UTF-8"?>
<!-- Generated by org.testng.reporters.JUnitReportReporter -->
<testsuite skipped="0" hostname="damith-Inspiron-5559" name="loginloop.loop.SessionFactory" tests="9" failures="0" timestamp="10 Apr 2020 05:00:00 GMT" time="110.300" errors="0">
  <testcase name="executSession" time="11.210" classname="loginloop.loop.SessionFactory"/>
  <testcase name="executSession" time="11.841" classname="loginloop.loop.SessionFactory"/>
  <testcase name="executSession" time="12.121" classname="loginloop.loop.SessionFactory"/>
  <testcase name="executSession" time="13.189" classname="loginloop.loop.SessionFactory"/>
  <testcase name="executSession" time="13.711" classname="loginloop.loop.SessionFactory"/>
  <testcase name="executSession" time="12.640" classname="loginloop.loop.SessionFactory"/>
  <testcase name="executSession" time="11.775" classname="loginloop.loop.SessionFactory"/>
  <testcase name="executSession" time="12.390" classname="loginloop.loop.SessionFactory"/>
  <testcase name="executSession" time="11.423" classname="loginloop.loop.SessionFactory"/>
</testsuite> <!-- loginloop.loop.SessionFactory -->
